<?xml version="1.0" encoding="UTF-8"?>
<testng-results ignored="0" total="1" passed="1" failed="0" skipped="0">
  <reporter-output>
  </reporter-output>
  <suite started-at="2023-11-28T12:41:45 IST" name="Default suite" finished-at="2023-11-28T12:43:06 IST" duration-ms="80414">
    <groups>
    </groups>
    <test started-at="2023-11-28T12:41:45 IST" name="Default test" finished-at="2023-11-28T12:43:06 IST" duration-ms="80414">
      <class name="testngexecutionpackage.JavaTest">
        <test-method signature="java_method()[pri:0, instance:testngexecutionpackage.JavaTest@23c30a20]" started-at="2023-11-28T12:41:46 IST" name="java_method" finished-at="2023-11-28T12:43:06 IST" duration-ms="79442" status="PASS">
          <reporter-output>
          </reporter-output>
        </test-method> <!-- java_method -->
      </class> <!-- testngexecutionpackage.JavaTest -->
    </test> <!-- Default test -->
  </suite> <!-- Default suite -->
</testng-results>
