<?xml version="1.0" encoding="UTF-8"?>
<!-- Generated by org.testng.reporters.JUnitXMLReporter -->
<testsuite ignored="0" hostname="PratikshaSontakke" failures="0" tests="6" name="Test" time="0.303" errors="0" timestamp="2023-11-28T12:14:04 IST">
  <testcase classname="testngpackage.Demo" name="method1" time="0.028"/>
  <testcase classname="testngpackage.Demo" name="method2" time="0.006"/>
  <testcase classname="testngpackage.Remo" name="method1" time="0.004"/>
  <testcase classname="testngpackage.Remo" name="method2" time="0.005"/>
  <testcase classname="testngpackage.Sumo" name="method1" time="0.004"/>
  <testcase classname="testngpackage.Sumo" name="method2" time="0.011"/>
</testsuite> <!-- Test -->
